<?xml version="1.0" encoding="UTF-8" ?>
<testsuite tests="13" failures="0" name="cucumbertests.CofreTest" time="1.732" errors="0" skipped="0">
  <properties>
[...]
</properties>
  <testcase classname="Cofre Destravado" name="Testar a inicializacao do cofre" time="0.491"/>
  <testcase classname="Cofre Destravado" name="Tentar digitar senha com porta aberta" time="0.043"/>
  <testcase classname="Cofre Destravado" name="Tentar digitar senha com porta fechada e destravada" time="0.007"/>
  <testcase classname="Cofre Destravado" name="Limpar o display" time="0.008"/>
  <testcase classname="Cofre Destravado" name="Gravar senha valida com porta fechada destravada" time="0.034"/>
  <testcase classname="Cofre Destravado" name="Digitar senha com menos de seis digitos" time="0.015"/>
  <testcase classname="Cofre Destravado" name="Digitar numeros com a porta fechada depois abrir a porta e digitar novamente" time="0.024"/>
  <testcase classname="Cofre Destravado" name="Nao digitar senha e apertar ok" time="0.01"/>
  <testcase classname="Cofre Travado" name="Tentar abrir com senha inv\u00E1lida" time="0.034"/>
  <testcase classname="Cofre Travado" name="Tentar abrir com senha menor que seis digitos" time="0.013"/>
  <testcase classname="Cofre Travado" name="Tentar abrir com senha valida" time="0.017"/>
  <testcase classname="Helper" name="Reconhecer um numero" time="0.002"/>
  <testcase classname="Helper" name="Reconhecer senha valida" time="0.009"/>
</testsuite>